===================== train starts ========================
Batch mean loss: 0.693143367767334 
 Logits:
 [[-0.03924337 -0.0392358 ]] 
 One-hot labels:
 [[ 0.  1.]]
Batch mean loss: 0.6929669976234436 
 Logits:
 [[-0.03938009 -0.03901963]] 
 One-hot labels:
 [[ 0.  1.]]
Batch mean loss: 0.6927481293678284 
 Logits:
 [[-0.03919487 -0.03839663]] 
 One-hot labels:
 [[ 0.  1.]]
Batch mean loss: 0.6924793720245361 
 Logits:
 [[-0.0387155  -0.03737954]] 
 One-hot labels:
 [[ 0.  1.]]
Batch mean loss: 0.6918625235557556 
 Logits:
 [[-0.03737973 -0.03480881]] 
 One-hot labels:
 [[ 0.  1.]]
Batch mean loss: 0.6896776556968689 
 Logits:
 [[-0.02970181 -0.02275062]] 
 One-hot labels:
 [[ 0.  1.]]
Batch mean loss: 0.6646292209625244 
 Logits:
 [[ 0.09911728  0.15699032]] 
 One-hot labels:
 [[ 0.  1.]]
Batch mean loss: 0.6489080190658569 
 Logits:
 [[ 1.35681713  1.44734359]] 
 One-hot labels:
 [[ 0.  1.]]
Batch mean loss: 0.5767096281051636 
 Logits:
 [[ 0.5983603   0.84660202]] 
 One-hot labels:
 [[ 0.  1.]]
Batch mean loss: 0.5027326345443726 
 Logits:
 [[ 0.77921087  1.20503247]] 
 One-hot labels:
 [[ 0.  1.]]
Batch mean loss: 0.38100922107696533 
 Logits:
 [[ 1.65375471  2.4221406 ]] 
 One-hot labels:
 [[ 0.  1.]]
Batch mean loss: 0.23249991238117218 
 Logits:
 [[ 4.62402153  5.96438551]] 
 One-hot labels:
 [[ 0.  1.]]
Batch mean loss: 0.0872906744480133 
 Logits:
 [[ 5.94077969  8.3353281 ]] 
 One-hot labels:
 [[ 0.  1.]]
Batch mean loss: 0.02070246823132038 
 Logits:
 [[  8.00642681  11.873559  ]] 
 One-hot labels:
 [[ 0.  1.]]
Batch mean loss: 0.003657320514321327 
 Logits:
 [[ 10.84805393  16.45724297]] 
 One-hot labels:
 [[ 0.  1.]]
Batch mean loss: 0.0005361788207665086 
 Logits:
 [[ 14.23421955  21.76490021]] 
 One-hot labels:
 [[ 0.  1.]]
Batch mean loss: 9.552276611328125 
 Logits:
 [[ 17.97129631  27.52350235]] 
 One-hot labels:
 [[ 1.  0.]]
Batch mean loss: 0.002113372553139925 
 Logits:
 [[ 12.86956692  19.02797318]] 
 One-hot labels:
 [[ 0.  1.]]
Batch mean loss: 0.012859395705163479 
 Logits:
 [[ 10.57413387  14.92137432]] 
 One-hot labels:
 [[ 0.  1.]]
Batch mean loss: 3.3638885021209717 
 Logits:
 [[  9.53874588  12.86742115]] 
 One-hot labels:
 [[ 1.  0.]]
Batch mean loss: 0.35982969403266907 
 Logits:
 [[ 13.09412098  13.93094158]] 
 One-hot labels:
 [[ 0.  1.]]
Batch mean loss: 0.8168324828147888 
 Logits:
 [[ 13.7239399   13.95768261]] 
 One-hot labels:
 [[ 1.  0.]]
Batch mean loss: 0.11881819367408752 
 Logits:
 [[ 20.72703171  18.65686798]] 
 One-hot labels:
 [[ 1.  0.]]
Batch mean loss: 5.124091625213623 
 Logits:
 [[ 32.88752365  27.76940155]] 
 One-hot labels:
 [[ 0.  1.]]
Batch mean loss: 2.4261796474456787 
 Logits:
 [[ 24.26701736  21.93336296]] 
 One-hot labels:
 [[ 0.  1.]]
Batch mean loss: 0.6029626727104187 
 Logits:
 [[ 18.33804321  18.52735901]] 
 One-hot labels:
 [[ 0.  1.]]
Batch mean loss: 2.119098424911499 
 Logits:
 [[ 17.13283539  19.12394142]] 
 One-hot labels:
 [[ 1.  0.]]
Batch mean loss: 1.5265231132507324 
 Logits:
 [[ 14.18155766  15.46308804]] 
 One-hot labels:
 [[ 1.  0.]]
Batch mean loss: 0.7516384720802307 
 Logits:
 [[ 10.88179302  10.99554253]] 
 One-hot labels:
 [[ 1.  0.]]
Batch mean loss: 1.1187583208084106 
 Logits:
 [[ 10.91606236  10.1928463 ]] 
 One-hot labels:
 [[ 0.  1.]]
Batch mean loss: 0.892781138420105 
 Logits:
 [[ 8.46828938  8.10231972]] 
 One-hot labels:
 [[ 0.  1.]]
Batch mean loss: 0.6199703216552734 
 Logits:
 [[ 5.70726871  5.85940313]] 
 One-hot labels:
 [[ 0.  1.]]
Batch mean loss: 0.4843573272228241 
 Logits:
 [[ 4.33406544  4.8070631 ]] 
 One-hot labels:
 [[ 0.  1.]]
Batch mean loss: 1.117919683456421 
 Logits:
 [[ 3.52317929  4.24514961]] 
 One-hot labels:
 [[ 1.  0.]]
Batch mean loss: 0.43868589401245117 
 Logits:
 [[ 3.03335452  3.62997746]] 
 One-hot labels:
 [[ 0.  1.]]
Batch mean loss: 0.44028240442276 
 Logits:
 [[ 2.8910737   3.48320746]] 
 One-hot labels:
 [[ 0.  1.]]
Batch mean loss: 1.0793293714523315 
 Logits:
 [[ 2.75091934  3.41500092]] 
 One-hot labels:
 [[ 1.  0.]]
Batch mean loss: 1.013928771018982 
 Logits:
 [[ 2.44812703  3.01139855]] 
 One-hot labels:
 [[ 1.  0.]]
Batch mean loss: 0.9183927774429321 
 Logits:
 [[ 2.32177782  2.73074389]] 
 One-hot labels:
 [[ 1.  0.]]
Batch mean loss: 0.6175221800804138 
 Logits:
 [[ 2.96797466  3.12541509]] 
 One-hot labels:
 [[ 0.  1.]]
Batch mean loss: 0.7510497570037842 
 Logits:
 [[ 2.92395926  3.03659439]] 
 One-hot labels:
 [[ 1.  0.]]
Batch mean loss: 0.8069468140602112 
 Logits:
 [[ 4.45981264  4.24385071]] 
 One-hot labels:
 [[ 0.  1.]]
Batch mean loss: 0.7396787405014038 
 Logits:
 [[ 3.77465487  3.68366098]] 
 One-hot labels:
 [[ 0.  1.]]
Batch mean loss: 0.6570452451705933 
 Logits:
 [[ 3.08519936  3.15875554]] 
 One-hot labels:
 [[ 0.  1.]]
Batch mean loss: 0.8920799493789673 
 Logits:
 [[ 3.39058638  3.75536823]] 
 One-hot labels:
 [[ 1.  0.]]
Batch mean loss: 0.5913179516792297 
 Logits:
 [[ 2.35129619  2.56651187]] 
 One-hot labels:
 [[ 0.  1.]]
Batch mean loss: 0.5557542443275452 
 Logits:
 [[ 2.23846531  2.53518081]] 
 One-hot labels:
 [[ 0.  1.]]
Batch mean loss: 0.47001659870147705 
 Logits:
 [[ 2.93647027  3.44726133]] 
 One-hot labels:
 [[ 0.  1.]]
Batch mean loss: 1.094461441040039 
 Logits:
 [[ 5.4380517   6.12496614]] 
 One-hot labels:
 [[ 1.  0.]]
Batch mean loss: 1.0786747932434082 
 Logits:
 [[ 17.00150681  16.33841705]] 
 One-hot labels:
 [[ 0.  1.]]
Batch mean loss: 0.9706665873527527 
 Logits:
 [[ 7.14753532  7.64205074]] 
 One-hot labels:
 [[ 1.  0.]]
Batch mean loss: 0.45913994312286377 
 Logits:
 [[ 3.89881992  4.43888187]] 
 One-hot labels:
 [[ 0.  1.]]
Batch mean loss: 0.46245619654655457 
 Logits:
 [[ 2.20117855  2.7322588 ]] 
 One-hot labels:
 [[ 0.  1.]]
Batch mean loss: 0.4864029288291931 
 Logits:
 [[ 1.7180531   2.18573117]] 
 One-hot labels:
 [[ 0.  1.]]
Batch mean loss: 0.9735491275787354 
 Logits:
 [[ 1.71154845  2.21070027]] 
 One-hot labels:
 [[ 1.  0.]]
Batch mean loss: 0.5231729745864868 
 Logits:
 [[ 1.38275921  1.75763726]] 
 One-hot labels:
 [[ 0.  1.]]
Batch mean loss: 0.5226827263832092 
 Logits:
 [[ 1.24741173  1.62349355]] 
 One-hot labels:
 [[ 0.  1.]]
Batch mean loss: 0.5089219808578491 
 Logits:
 [[ 1.18516302  1.5953939 ]] 
 One-hot labels:
 [[ 0.  1.]]
Batch mean loss: 0.4851273000240326 
 Logits:
 [[ 1.19507158  1.66606474]] 
 One-hot labels:
 [[ 0.  1.]]
Batch mean loss: 0.4537922739982605 
 Logits:
 [[ 1.27904832  1.83370221]] 
 One-hot labels:
 [[ 0.  1.]]
Batch mean loss: 0.41224589943885803 
 Logits:
 [[ 1.45831025  2.13125134]] 
 One-hot labels:
 [[ 0.  1.]]
Batch mean loss: 0.36270660161972046 
 Logits:
 [[ 1.76046824  2.58780026]] 
 One-hot labels:
 [[ 0.  1.]]
Batch mean loss: 0.3023289740085602 
 Logits:
 [[ 2.32053232  3.36180186]] 
 One-hot labels:
 [[ 0.  1.]]
Batch mean loss: 0.23268933594226837 
 Logits:
 [[ 3.27618837  4.61563969]] 
 One-hot labels:
 [[ 0.  1.]]
Batch mean loss: 0.17371901869773865 
 Logits:
 [[ 4.76983547  6.43203497]] 
 One-hot labels:
 [[ 0.  1.]]
Batch mean loss: 0.1147693395614624 
 Logits:
 [[ 6.68796015  8.79485798]] 
 One-hot labels:
 [[ 0.  1.]]
Batch mean loss: 0.06542230397462845 
 Logits:
 [[  9.17116356  11.86516571]] 
 One-hot labels:
 [[ 0.  1.]]
Batch mean loss: 0.02629835717380047 
 Logits:
 [[ 12.38685989  16.01192856]] 
 One-hot labels:
 [[ 0.  1.]]
Batch mean loss: 4.744162559509277 
 Logits:
 [[ 16.24196434  20.97738647]] 
 One-hot labels:
 [[ 1.  0.]]
Batch mean loss: 2.867832899093628 
 Logits:
 [[ 10.45050526  13.2598381 ]] 
 One-hot labels:
 [[ 1.  0.]]
Batch mean loss: 1.9346593618392944 
 Logits:
 [[ 7.04324389  8.82186508]] 
 One-hot labels:
 [[ 1.  0.]]
Batch mean loss: 0.42975106835365295 
 Logits:
 [[ 6.92045116  7.54244137]] 
 One-hot labels:
 [[ 0.  1.]]
Batch mean loss: 0.4864794909954071 
 Logits:
 [[ 5.29807568  5.7655549 ]] 
 One-hot labels:
 [[ 0.  1.]]
Batch mean loss: 0.37701016664505005 
 Logits:
 [[ 3.14653945  3.92760229]] 
 One-hot labels:
 [[ 0.  1.]]
Batch mean loss: 0.3552047312259674 
 Logits:
 [[ 1.94509625  2.7973032 ]] 
 One-hot labels:
 [[ 0.  1.]]
Batch mean loss: 0.36837124824523926 
 Logits:
 [[ 1.35413408  2.16296482]] 
 One-hot labels:
 [[ 0.  1.]]
Batch mean loss: 0.3890194594860077 
 Logits:
 [[ 1.11676109  1.86007965]] 
 One-hot labels:
 [[ 0.  1.]]
Batch mean loss: 1.1079671382904053 
 Logits:
 [[ 1.03476906  1.74191594]] 
 One-hot labels:
 [[ 1.  0.]]
Batch mean loss: 0.42772454023361206 
 Logits:
 [[ 0.93313193  1.56093431]] 
 One-hot labels:
 [[ 0.  1.]]
Batch mean loss: 1.03292977809906 
 Logits:
 [[ 0.89975572  1.49268723]] 
 One-hot labels:
 [[ 1.  0.]]
Batch mean loss: 0.4609138071537018 
 Logits:
 [[ 0.84909219  1.38434327]] 
 One-hot labels:
 [[ 0.  1.]]
Batch mean loss: 0.47062236070632935 
 Logits:
 [[ 0.83186352  1.34104002]] 
 One-hot labels:
 [[ 0.  1.]]
Batch mean loss: 0.472705215215683 
 Logits:
 [[ 0.83167309  1.3353107 ]] 
 One-hot labels:
 [[ 0.  1.]]
Batch mean loss: 0.4676930010318756 
 Logits:
 [[ 0.85001606  1.36701512]] 
 One-hot labels:
 [[ 0.  1.]]
Batch mean loss: 0.45621415972709656 
 Logits:
 [[ 0.88736534  1.43539417]] 
 One-hot labels:
 [[ 0.  1.]]
Batch mean loss: 0.4390333890914917 
 Logits:
 [[ 0.94445288  1.54009748]] 
 One-hot labels:
 [[ 0.  1.]]
Batch mean loss: 0.4172883629798889 
 Logits:
 [[ 1.02399087  1.68207967]] 
 One-hot labels:
 [[ 0.  1.]]
Batch mean loss: 0.3927309513092041 
 Logits:
 [[ 1.12881744  1.86066425]] 
 One-hot labels:
 [[ 0.  1.]]
Batch mean loss: 0.3663240671157837 
 Logits:
 [[ 1.2607429   2.07623267]] 
 One-hot labels:
 [[ 0.  1.]]
Batch mean loss: 1.2471212148666382 
 Logits:
 [[ 1.41809607  2.32647943]] 
 One-hot labels:
 [[ 1.  0.]]
Batch mean loss: 0.3293307423591614 
 Logits:
 [[ 1.50192213  2.44343448]] 
 One-hot labels:
 [[ 0.  1.]]
Batch mean loss: 0.3160102069377899 
 Logits:
 [[ 1.60576212  2.5955801 ]] 
 One-hot labels:
 [[ 0.  1.]]
Batch mean loss: 0.2987179160118103 
 Logits:
 [[ 1.7312417   2.78642321]] 
 One-hot labels:
 [[ 0.  1.]]
Batch mean loss: 0.27812862396240234 
 Logits:
 [[ 1.87873578  3.0161221 ]] 
 One-hot labels:
 [[ 0.  1.]]
Batch mean loss: 0.25657936930656433 
 Logits:
 [[ 2.04326272  3.27254891]] 
 One-hot labels:
 [[ 0.  1.]]
Batch mean loss: 0.23363840579986572 
 Logits:
 [[ 2.226475    3.56136274]] 
 One-hot labels:
 [[ 0.  1.]]
Batch mean loss: 0.21022680401802063 
 Logits:
 [[ 2.42240453  3.8750186 ]] 
 One-hot labels:
 [[ 0.  1.]]
Batch mean loss: 1.7686169147491455 
 Logits:
 [[ 2.61762357  4.19922543]] 
 One-hot labels:
 [[ 1.  0.]]
Batch mean loss: 0.18932460248470306 
 Logits:
 [[ 2.75622702  4.32436371]] 
 One-hot labels:
 [[ 0.  1.]]
Batch mean loss: 1.7672902345657349 
 Logits:
 [[ 2.90811038  4.48811245]] 
 One-hot labels:
 [[ 1.  0.]]
Batch mean loss: 0.21104057133197784 
 Logits:
 [[ 3.06061482  4.50894451]] 
 One-hot labels:
 [[ 0.  1.]]
Batch mean loss: 0.22660911083221436 
 Logits:
 [[ 3.22519183  4.59427738]] 
 One-hot labels:
 [[ 0.  1.]]
Batch mean loss: 1.570765733718872 
 Logits:
 [[ 3.38982749  4.72754335]] 
 One-hot labels:
 [[ 1.  0.]]
Batch mean loss: 0.2898592948913574 
 Logits:
 [[ 3.77977443  4.86970615]] 
 One-hot labels:
 [[ 0.  1.]]
Batch mean loss: 1.273633360862732 
 Logits:
 [[ 4.05313301  4.9985218 ]] 
 One-hot labels:
 [[ 1.  0.]]
Batch mean loss: 0.499188095331192 
 Logits:
 [[ 5.17610025  5.61091709]] 
 One-hot labels:
 [[ 0.  1.]]
Batch mean loss: 0.8882809281349182 
 Logits:
 [[ 5.27267504  5.63101149]] 
 One-hot labels:
 [[ 1.  0.]]
Batch mean loss: 0.821318507194519 
 Logits:
 [[ 6.80065632  6.55889082]] 
 One-hot labels:
 [[ 0.  1.]]
Batch mean loss: 0.6958544850349426 
 Logits:
 [[ 5.60967875  5.60427141]] 
 One-hot labels:
 [[ 0.  1.]]
Batch mean loss: 0.586932897567749 
 Logits:
 [[ 4.54156542  4.76663113]] 
 One-hot labels:
 [[ 0.  1.]]
Batch mean loss: 0.4852433204650879 
 Logits:
 [[ 3.70185542  4.17254686]] 
 One-hot labels:
 [[ 0.  1.]]
Batch mean loss: 0.395835816860199 
 Logits:
 [[ 3.02115679  3.74347448]] 
 One-hot labels:
 [[ 0.  1.]]
Batch mean loss: 1.2377229928970337 
 Logits:
 [[ 2.58981991  3.48499084]] 
 One-hot labels:
 [[ 1.  0.]]
Batch mean loss: 1.2595264911651611 
 Logits:
 [[ 2.42561936  3.35136628]] 
 One-hot labels:
 [[ 1.  0.]]
Batch mean loss: 0.35025253891944885 
 Logits:
 [[ 2.37210059  3.2409687 ]] 
 One-hot labels:
 [[ 0.  1.]]
Batch mean loss: 0.35627835988998413 
 Logits:
 [[ 2.30616474  3.15478516]] 
 One-hot labels:
 [[ 0.  1.]]
Batch mean loss: 1.2128969430923462 
 Logits:
 [[ 2.23048735  3.09050965]] 
 One-hot labels:
 [[ 1.  0.]]
Batch mean loss: 0.37072473764419556 
 Logits:
 [[ 2.22314644  3.02435946]] 
 One-hot labels:
 [[ 0.  1.]]
Batch mean loss: 0.3781253397464752 
 Logits:
 [[ 2.19719243  2.97470903]] 
 One-hot labels:
 [[ 0.  1.]]
Batch mean loss: 1.1577262878417969 
 Logits:
 [[ 2.15970373  2.94026113]] 
 One-hot labels:
 [[ 1.  0.]]
Batch mean loss: 0.39305946230888367 
 Logits:
 [[ 2.15602088  2.88685656]] 
 One-hot labels:
 [[ 0.  1.]]
Batch mean loss: 1.1108547449111938 
 Logits:
 [[ 2.1425252  2.8539803]] 
 One-hot labels:
 [[ 1.  0.]]
Batch mean loss: 1.0701993703842163 
 Logits:
 [[ 2.1505971  2.8008163]] 
 One-hot labels:
 [[ 1.  0.]]
Batch mean loss: 0.4511915147304535 
 Logits:
 [[ 2.18222356  2.74402332]] 
 One-hot labels:
 [[ 0.  1.]]
Batch mean loss: 0.46928954124450684 
 Logits:
 [[ 2.20796108  2.72069192]] 
 One-hot labels:
 [[ 0.  1.]]
Batch mean loss: 0.4761151969432831 
 Logits:
 [[ 2.23547411  2.73008442]] 
 One-hot labels:
 [[ 0.  1.]]
Batch mean loss: 0.47298315167427063 
 Logits:
 [[ 2.26404095  2.76694083]] 
 One-hot labels:
 [[ 0.  1.]]
===================== train ends ========================
===================== val starts ========================
[[ 2.2999506   2.83370209]] [[ 1.  0.]]
[[ 2.29995036  2.83370209]] [[ 0.  1.]]
[[ 2.29995036  2.83370185]] [[ 0.  1.]]
[[ 2.29995036  2.83370209]] [[ 0.  1.]]
[[ 2.29995036  2.83370209]] [[ 1.  0.]]
[[ 2.29994988  2.83370185]] [[ 1.  0.]]
[[ 2.2999506   2.83370209]] [[ 0.  1.]]
[[ 2.29995012  2.83370185]] [[ 1.  0.]]
[[ 2.29995012  2.83370209]] [[ 0.  1.]]
[[ 2.29995036  2.83370185]] [[ 0.  1.]]
[[ 2.29995036  2.83370209]] [[ 0.  1.]]
[[ 2.29995012  2.83370161]] [[ 1.  0.]]
[[ 2.29995036  2.83370185]] [[ 1.  0.]]
[[ 2.29995012  2.83370209]] [[ 0.  1.]]
[[ 2.2999506   2.83370161]] [[ 0.  1.]]
[[ 2.29995012  2.83370185]] [[ 0.  1.]]
[[ 2.29995012  2.83370185]] [[ 0.  1.]]
[[ 2.29995036  2.83370209]] [[ 1.  0.]]
[[ 2.2999506   2.83370209]] [[ 1.  0.]]
[[ 2.2999506   2.83370209]] [[ 0.  1.]]
[[ 2.2999506   2.83370209]] [[ 0.  1.]]
[[ 2.29995012  2.83370185]] [[ 0.  1.]]
[[ 2.29995036  2.83370209]] [[ 0.  1.]]
[[ 2.29995012  2.83370161]] [[ 0.  1.]]
[[ 2.29995012  2.83370161]] [[ 0.  1.]]
[[ 2.2999506   2.83370209]] [[ 0.  1.]]
[[ 2.29995012  2.83370185]] [[ 0.  1.]]
[[ 2.29995012  2.83370161]] [[ 0.  1.]]
[[ 2.2999506   2.83370209]] [[ 0.  1.]]
[[ 2.29995012  2.83370161]] [[ 0.  1.]]
[[ 2.29995012  2.83370233]] [[ 0.  1.]]
[[ 2.29995036  2.83370233]] [[ 1.  0.]]
[[ 2.29995084  2.83370209]] [[ 0.  1.]]
[[ 2.29995012  2.83370161]] [[ 1.  0.]]
[[ 2.2999506   2.83370185]] [[ 0.  1.]]
[[ 2.2999506   2.83370209]] [[ 0.  1.]]
[[ 2.29995036  2.83370185]] [[ 1.  0.]]
[[ 2.2999506   2.83370209]] [[ 0.  1.]]
[[ 2.29995036  2.83370209]] [[ 0.  1.]]
[[ 2.2999506   2.83370185]] [[ 1.  0.]]
[[ 2.29995012  2.83370161]] [[ 1.  0.]]
[[ 2.29995012  2.83370185]] [[ 1.  0.]]
[[ 2.29995012  2.83370161]] [[ 0.  1.]]
[[ 2.29995036  2.83370161]] [[ 1.  0.]]
[[ 2.29995012  2.83370161]] [[ 0.  1.]]
[[ 2.29995012  2.83370209]] [[ 0.  1.]]
[[ 2.29995036  2.83370185]] [[ 0.  1.]]
[[ 2.29995012  2.83370209]] [[ 0.  1.]]
[[ 2.2999506   2.83370209]] [[ 0.  1.]]
[[ 2.2999506   2.83370209]] [[ 0.  1.]]
[[ 2.2999506   2.83370209]] [[ 1.  0.]]
[[ 2.29995012  2.83370185]] [[ 0.  1.]]
[[ 2.29995012  2.83370209]] [[ 1.  0.]]
[[ 2.29995036  2.83370209]] [[ 0.  1.]]
[[ 2.2999506   2.83370185]] [[ 1.  0.]]
[[ 2.2999506   2.83370185]] [[ 1.  0.]]
[[ 2.2999506   2.83370161]] [[ 0.  1.]]
[[ 2.2999506   2.83370209]] [[ 0.  1.]]
[[ 2.29995012  2.83370209]] [[ 0.  1.]]
[[ 2.2999506   2.83370209]] [[ 0.  1.]]
[[ 2.29995012  2.83370161]] [[ 0.  1.]]
[[ 2.29995036  2.83370209]] [[ 0.  1.]]
[[ 2.29994988  2.83370185]] [[ 0.  1.]]
[[ 2.2999506   2.83370161]] [[ 0.  1.]]
[[ 2.29995012  2.83370209]] [[ 0.  1.]]
[[ 2.29995012  2.83370161]] [[ 0.  1.]]
[[ 2.29995036  2.83370185]] [[ 0.  1.]]
[[ 2.2999506   2.83370209]] [[ 0.  1.]]
[[ 2.29995012  2.83370161]] [[ 0.  1.]]
[[ 2.2999506   2.83370209]] [[ 1.  0.]]
[[ 2.29995012  2.83370161]] [[ 0.  1.]]
[[ 2.2999506   2.83370185]] [[ 0.  1.]]
[[ 2.29995036  2.83370185]] [[ 0.  1.]]
[[ 2.2999506   2.83370209]] [[ 0.  1.]]
[[ 2.29995084  2.83370185]] [[ 0.  1.]]
[[ 2.29994988  2.83370161]] [[ 0.  1.]]
[[ 2.29995012  2.83370161]] [[ 0.  1.]]
[[ 2.29995012  2.83370161]] [[ 0.  1.]]
[[ 2.29995084  2.83370209]] [[ 0.  1.]]
[[ 2.29994988  2.83370185]] [[ 0.  1.]]
[[ 2.2999506   2.83370161]] [[ 0.  1.]]
[[ 2.29995036  2.83370161]] [[ 0.  1.]]
[[ 2.29995012  2.83370209]] [[ 0.  1.]]
[[ 2.29995012  2.83370209]] [[ 0.  1.]]
[[ 2.29995012  2.83370209]] [[ 1.  0.]]
[[ 2.2999506   2.83370209]] [[ 0.  1.]]
[[ 2.2999506   2.83370209]] [[ 0.  1.]]
[[ 2.29995012  2.83370161]] [[ 1.  0.]]
[[ 2.29995012  2.83370185]] [[ 0.  1.]]
[[ 2.29995036  2.83370185]] [[ 1.  0.]]
[[ 2.29995012  2.83370185]] [[ 1.  0.]]
[[ 2.2999506   2.83370185]] [[ 1.  0.]]
[[ 2.29995012  2.83370161]] [[ 1.  0.]]
[[ 2.29995012  2.83370137]] [[ 0.  1.]]
[[ 2.29995012  2.83370209]] [[ 0.  1.]]
[[ 2.29994988  2.83370161]] [[ 0.  1.]]
[[ 2.29995012  2.83370209]] [[ 1.  0.]]
[[ 2.2999506   2.83370209]] [[ 0.  1.]]
[[ 2.29995036  2.83370209]] [[ 0.  1.]]
[[ 2.29995036  2.83370185]] [[ 0.  1.]]
[[ 2.2999506   2.83370209]] [[ 0.  1.]]
[[ 2.29995036  2.83370185]] [[ 0.  1.]]
[[ 2.29995012  2.83370161]] [[ 0.  1.]]
[[ 2.29995012  2.83370161]] [[ 0.  1.]]
[[ 2.2999506   2.83370161]] [[ 0.  1.]]
[[ 2.29995036  2.83370209]] [[ 0.  1.]]
[[ 2.29995012  2.83370209]] [[ 1.  0.]]
[[ 2.29995036  2.83370209]] [[ 0.  1.]]
[[ 2.29995012  2.83370161]] [[ 1.  0.]]
[[ 2.29995084  2.83370233]] [[ 0.  1.]]
[[ 2.29995012  2.83370185]] [[ 0.  1.]]
[[ 2.29995084  2.83370209]] [[ 0.  1.]]
[[ 2.29995012  2.83370185]] [[ 1.  0.]]
[[ 2.29995012  2.83370161]] [[ 1.  0.]]
[[ 2.29995036  2.83370161]] [[ 0.  1.]]
[[ 2.29995036  2.83370209]] [[ 0.  1.]]
[[ 2.29995036  2.83370161]] [[ 1.  0.]]
[[ 2.29995036  2.83370185]] [[ 1.  0.]]
[[ 2.29994965  2.83370137]] [[ 0.  1.]]
[[ 2.29994988  2.83370161]] [[ 0.  1.]]
[[ 2.29995036  2.83370233]] [[ 1.  0.]]
[[ 2.2999506   2.83370209]] [[ 1.  0.]]
[[ 2.29995012  2.83370161]] [[ 0.  1.]]
[[ 2.29995012  2.83370161]] [[ 0.  1.]]
[[ 2.29995108  2.83370209]] [[ 1.  0.]]
[[ 2.29995036  2.83370209]] [[ 1.  0.]]
[[ 2.29995012  2.83370185]] [[ 0.  1.]]
===================== val ends ========================
===================== train starts ========================
Batch mean loss: 0.9952194094657898 
 Logits:
 [[ 2.29995036  2.83370185]] 
 One-hot labels:
 [[ 1.  0.]]
Batch mean loss: 0.4661750793457031 
 Logits:
 [[ 2.31476212  2.83582997]] 
 One-hot labels:
 [[ 0.  1.]]
Batch mean loss: 0.46108806133270264 
 Logits:
 [[ 2.33831596  2.87309527]] 
 One-hot labels:
 [[ 0.  1.]]
Batch mean loss: 1.0212562084197998 
 Logits:
 [[ 2.37760973  2.95235658]] 
 One-hot labels:
 [[ 1.  0.]]
Batch mean loss: 0.4516212046146393 
 Logits:
 [[ 2.37183785  2.93245459]] 
 One-hot labels:
 [[ 0.  1.]]
Batch mean loss: 0.44613558053970337 
 Logits:
 [[ 2.38809967  2.96388483]] 
 One-hot labels:
 [[ 0.  1.]]
Batch mean loss: 0.43009641766548157 
 Logits:
 [[ 2.43365622  3.05465817]] 
 One-hot labels:
 [[ 0.  1.]]
Batch mean loss: 0.403695285320282 
 Logits:
 [[ 2.52227211  3.22073817]] 
 One-hot labels:
 [[ 0.  1.]]
Batch mean loss: 1.1752984523773193 
 Logits:
 [[ 2.6689713  3.4750495]] 
 One-hot labels:
 [[ 1.  0.]]
Batch mean loss: 0.36706802248954773 
 Logits:
 [[ 2.66901088  3.48207712]] 
 One-hot labels:
 [[ 0.  1.]]
Batch mean loss: 0.35275590419769287 
 Logits:
 [[ 2.72724366  3.58766508]] 
 One-hot labels:
 [[ 0.  1.]]
Batch mean loss: 0.3269672393798828 
 Logits:
 [[ 2.84706402  3.7970252 ]] 
 One-hot labels:
 [[ 0.  1.]]
Batch mean loss: 0.2918579876422882 
 Logits:
 [[ 3.04108524  4.12309742]] 
 One-hot labels:
 [[ 0.  1.]]
Batch mean loss: 0.2506762146949768 
 Logits:
 [[ 3.31222105  4.56785917]] 
 One-hot labels:
 [[ 0.  1.]]
Batch mean loss: 0.2054242342710495 
 Logits:
 [[ 3.66732693  5.14553499]] 
 One-hot labels:
 [[ 0.  1.]]
Batch mean loss: 1.9115961790084839 
 Logits:
 [[ 4.11725998  5.86887026]] 
 One-hot labels:
 [[ 1.  0.]]
Batch mean loss: 0.17107567191123962 
 Logits:
 [[ 4.05615091  5.73504305]] 
 One-hot labels:
 [[ 0.  1.]]
Batch mean loss: 1.8415615558624268 
 Logits:
 [[ 4.07397318  5.74288273]] 
 One-hot labels:
 [[ 1.  0.]]
Batch mean loss: 1.665590524673462 
 Logits:
 [[ 3.75511312  5.21111917]] 
 One-hot labels:
 [[ 1.  0.]]
Batch mean loss: 0.2687259614467621 
 Logits:
 [[ 3.36111403  4.53780699]] 
 One-hot labels:
 [[ 0.  1.]]
Batch mean loss: 0.3087504208087921 
 Logits:
 [[ 3.01177979  4.02865791]] 
 One-hot labels:
 [[ 0.  1.]]
Batch mean loss: 0.3327556252479553 
 Logits:
 [[ 2.69803929  3.62739921]] 
 One-hot labels:
 [[ 0.  1.]]
Batch mean loss: 0.3458370864391327 
 Logits:
 [[ 2.42978215  3.31367254]] 
 One-hot labels:
 [[ 0.  1.]]
Batch mean loss: 0.3492264747619629 
 Logits:
 [[ 2.22742343  3.0997684 ]] 
 One-hot labels:
 [[ 0.  1.]]
Batch mean loss: 0.3469478487968445 
 Logits:
 [[ 2.08589745  2.96599364]] 
 One-hot labels:
 [[ 0.  1.]]
Batch mean loss: 0.340265154838562 
 Logits:
 [[ 2.00110888  2.90418696]] 
 One-hot labels:
 [[ 0.  1.]]
Batch mean loss: 1.269283413887024 
 Logits:
 [[ 1.97059536  2.90993905]] 
 One-hot labels:
 [[ 1.  0.]]
Batch mean loss: 1.235381841659546 
 Logits:
 [[ 1.82718801  2.71905971]] 
 One-hot labels:
 [[ 1.  0.]]
Batch mean loss: 0.3782230019569397 
 Logits:
 [[ 1.61098123  2.38818765]] 
 One-hot labels:
 [[ 0.  1.]]
Batch mean loss: 1.1200212240219116 
 Logits:
 [[ 1.49401581  2.21910691]] 
 One-hot labels:
 [[ 1.  0.]]
Batch mean loss: 0.4171781837940216 
 Logits:
 [[ 1.37555146  2.0339632 ]] 
 One-hot labels:
 [[ 0.  1.]]
Batch mean loss: 0.42621049284935 
 Logits:
 [[ 1.29550958  1.92766881]] 
 One-hot labels:
 [[ 0.  1.]]
Batch mean loss: 0.42696481943130493 
 Logits:
 [[ 1.23745501  1.86744213]] 
 One-hot labels:
 [[ 0.  1.]]
Batch mean loss: 0.4232167601585388 
 Logits:
 [[ 1.20075297  1.84156346]] 
 One-hot labels:
 [[ 0.  1.]]
Batch mean loss: 1.0768123865127563 
 Logits:
 [[ 1.18185866  1.84212518]] 
 One-hot labels:
 [[ 1.  0.]]
Batch mean loss: 0.41883784532546997 
 Logits:
 [[ 1.15240979  1.80596364]] 
 One-hot labels:
 [[ 0.  1.]]
Batch mean loss: 1.0755988359451294 
 Logits:
 [[ 1.13720071  1.79562604]] 
 One-hot labels:
 [[ 1.  0.]]
Batch mean loss: 0.42284467816352844 
 Logits:
 [[ 1.10469091  1.74658012]] 
 One-hot labels:
 [[ 0.  1.]]
Batch mean loss: 0.42432060837745667 
 Logits:
 [[ 1.08526039  1.72287512]] 
 One-hot labels:
 [[ 0.  1.]]
Batch mean loss: 0.42222097516059875 
 Logits:
 [[ 1.07862937  1.72232842]] 
 One-hot labels:
 [[ 0.  1.]]
Batch mean loss: 0.4169326722621918 
 Logits:
 [[ 1.08429885  1.74343038]] 
 One-hot labels:
 [[ 0.  1.]]
Batch mean loss: 1.0920207500457764 
 Logits:
 [[ 1.10163796  1.78488135]] 
 One-hot labels:
 [[ 1.  0.]]
Batch mean loss: 0.4090391993522644 
 Logits:
 [[ 1.09411228  1.77657521]] 
 One-hot labels:
 [[ 0.  1.]]
Batch mean loss: 0.4056662321090698 
 Logits:
 [[ 1.0999434   1.79248738]] 
 One-hot labels:
 [[ 0.  1.]]
Batch mean loss: 0.399164080619812 
 Logits:
 [[ 1.11856043  1.83073103]] 
 One-hot labels:
 [[ 0.  1.]]
Batch mean loss: 0.389900803565979 
 Logits:
 [[ 1.14912832  1.88971448]] 
 One-hot labels:
 [[ 0.  1.]]
Batch mean loss: 0.37837326526641846 
 Logits:
 [[ 1.19138384  1.96811306]] 
 One-hot labels:
 [[ 0.  1.]]
Batch mean loss: 0.3650963008403778 
 Logits:
 [[ 1.24384177  2.06333995]] 
 One-hot labels:
 [[ 0.  1.]]
Batch mean loss: 0.3504066467285156 
 Logits:
 [[ 1.30606711  2.17441392]] 
 One-hot labels:
 [[ 0.  1.]]
Batch mean loss: 0.334730327129364 
 Logits:
 [[ 1.3765806   2.29898143]] 
 One-hot labels:
 [[ 0.  1.]]
Batch mean loss: 0.3178839683532715 
 Logits:
 [[ 1.45444763  2.43736768]] 
 One-hot labels:
 [[ 0.  1.]]
Batch mean loss: 0.3000180721282959 
 Logits:
 [[ 1.54015231  2.59030819]] 
 One-hot labels:
 [[ 0.  1.]]
Batch mean loss: 1.4045971632003784 
 Logits:
 [[ 1.63139403  2.75433636]] 
 One-hot labels:
 [[ 1.  0.]]
Batch mean loss: 0.2747020721435547 
 Logits:
 [[ 1.68068945  2.83226418]] 
 One-hot labels:
 [[ 0.  1.]]
Batch mean loss: 1.455916404724121 
 Logits:
 [[ 1.73633254  2.92673707]] 
 One-hot labels:
 [[ 1.  0.]]
Batch mean loss: 0.26700881123542786 
 Logits:
 [[ 1.74967337  2.93367362]] 
 One-hot labels:
 [[ 0.  1.]]
Batch mean loss: 1.4561614990234375 
 Logits:
 [[ 1.77295554  2.96367979]] 
 One-hot labels:
 [[ 1.  0.]]
Batch mean loss: 0.2737337350845337 
 Logits:
 [[ 1.75919127  2.91480374]] 
 One-hot labels:
 [[ 0.  1.]]
Batch mean loss: 0.27817702293395996 
 Logits:
 [[ 1.75649059  2.89367747]] 
 One-hot labels:
 [[ 0.  1.]]
Batch mean loss: 1.412192463874817 
 Logits:
 [[ 1.76317883  2.89617491]] 
 One-hot labels:
 [[ 1.  0.]]
Batch mean loss: 0.28910988569259644 
 Logits:
 [[ 1.74115574  2.83406878]] 
 One-hot labels:
 [[ 0.  1.]]
Batch mean loss: 0.2950659990310669 
 Logits:
 [[ 1.72961545  2.79901385]] 
 One-hot labels:
 [[ 0.  1.]]
Batch mean loss: 0.2974020540714264 
 Logits:
 [[ 1.72642183  2.78670859]] 
 One-hot labels:
 [[ 0.  1.]]
Batch mean loss: 0.2965262532234192 
 Logits:
 [[ 1.73040891  2.79410434]] 
 One-hot labels:
 [[ 0.  1.]]
Batch mean loss: 1.370976448059082 
 Logits:
 [[ 1.74121439  2.81935024]] 
 One-hot labels:
 [[ 1.  0.]]
Batch mean loss: 0.29806166887283325 
 Logits:
 [[ 1.73020542  2.78793049]] 
 One-hot labels:
 [[ 0.  1.]]
Batch mean loss: 0.29984787106513977 
 Logits:
 [[ 1.72701955  2.77783227]] 
 One-hot labels:
 [[ 0.  1.]]
Batch mean loss: 1.354522705078125 
 Logits:
 [[ 1.73064339  2.78666496]] 
 One-hot labels:
 [[ 1.  0.]]
Batch mean loss: 0.30577775835990906 
 Logits:
 [[ 1.71554422  2.74365926]] 
 One-hot labels:
 [[ 0.  1.]]
Batch mean loss: 0.3093445599079132 
 Logits:
 [[ 1.70818162  2.72282481]] 
 One-hot labels:
 [[ 0.  1.]]
Batch mean loss: 0.30954429507255554 
 Logits:
 [[ 1.70730329  2.72119617]] 
 One-hot labels:
 [[ 0.  1.]]
Batch mean loss: 1.3312233686447144 
 Logits:
 [[ 1.71239102  2.73688006]] 
 One-hot labels:
 [[ 1.  0.]]
Batch mean loss: 1.3154704570770264 
 Logits:
 [[ 1.69986558  2.70288563]] 
 One-hot labels:
 [[ 1.  0.]]
Batch mean loss: 0.3256942927837372 
 Logits:
 [[ 1.67310321  2.62763619]] 
 One-hot labels:
 [[ 0.  1.]]
Batch mean loss: 1.257413625717163 
 Logits:
 [[ 1.65453494  2.57733059]] 
 One-hot labels:
 [[ 1.  0.]]
Batch mean loss: 0.3506690263748169 
 Logits:
 [[ 1.62825418  2.49571371]] 
 One-hot labels:
 [[ 0.  1.]]
Batch mean loss: 1.1923463344573975 
 Logits:
 [[ 1.60826719  2.43891406]] 
 One-hot labels:
 [[ 1.  0.]]
Batch mean loss: 0.3790386915206909 
 Logits:
 [[ 1.58722758  2.36184597]] 
 One-hot labels:
 [[ 0.  1.]]
Batch mean loss: 1.1276994943618774 
 Logits:
 [[ 1.56849515  2.30496192]] 
 One-hot labels:
 [[ 1.  0.]]
Batch mean loss: 0.40981394052505493 
 Logits:
 [[ 1.55773664  2.23789358]] 
 One-hot labels:
 [[ 0.  1.]]
Batch mean loss: 1.0653212070465088 
 Logits:
 [[ 1.5450393   2.18782473]] 
 One-hot labels:
 [[ 1.  0.]]
Batch mean loss: 1.0302186012268066 
 Logits:
 [[ 1.54340065  2.13211918]] 
 One-hot labels:
 [[ 1.  0.]]
Batch mean loss: 0.46589958667755127 
 Logits:
 [[ 1.55416393  2.07597136]] 
 One-hot labels:
 [[ 0.  1.]]
Batch mean loss: 0.4831382930278778 
 Logits:
 [[ 1.55745625  2.03363228]] 
 One-hot labels:
 [[ 0.  1.]]
Batch mean loss: 0.49397337436676025 
 Logits:
 [[ 1.55237031  2.00051093]] 
 One-hot labels:
 [[ 0.  1.]]
Batch mean loss: 0.49904727935791016 
 Logits:
 [[ 1.53907073  1.97424603]] 
 One-hot labels:
 [[ 0.  1.]]
Batch mean loss: 0.49902570247650146 
 Logits:
 [[ 1.51744211  1.95267236]] 
 One-hot labels:
 [[ 0.  1.]]
Batch mean loss: 0.49487438797950745 
 Logits:
 [[ 1.48957157  1.93540215]] 
 One-hot labels:
 [[ 0.  1.]]
Batch mean loss: 0.48756226897239685 
 Logits:
 [[ 1.45852149  1.92319226]] 
 One-hot labels:
 [[ 0.  1.]]
Batch mean loss: 0.477804958820343 
 Logits:
 [[ 1.42602909  1.91618478]] 
 One-hot labels:
 [[ 0.  1.]]
Batch mean loss: 0.46628090739250183 
 Logits:
 [[ 1.39462996  1.91541374]] 
 One-hot labels:
 [[ 0.  1.]]
Batch mean loss: 0.453200101852417 
 Logits:
 [[ 1.36527812  1.92155612]] 
 One-hot labels:
 [[ 0.  1.]]
Batch mean loss: 1.0343294143676758 
 Logits:
 [[ 1.34028125  1.93538499]] 
 One-hot labels:
 [[ 1.  0.]]
Batch mean loss: 0.4327881932258606 
 Logits:
 [[ 1.31745529  1.93077576]] 
 One-hot labels:
 [[ 0.  1.]]
Batch mean loss: 0.42463454604148865 
 Logits:
 [[ 1.3011719  1.9378792]] 
 One-hot labels:
 [[ 0.  1.]]
Batch mean loss: 1.0801564455032349 
 Logits:
 [[ 1.29255867  1.95789278]] 
 One-hot labels:
 [[ 1.  0.]]
Batch mean loss: 1.0861589908599854 
 Logits:
 [[ 1.2738111   1.94821978]] 
 One-hot labels:
 [[ 1.  0.]]
Batch mean loss: 0.4143901765346527 
 Logits:
 [[ 1.24486303  1.91147065]] 
 One-hot labels:
 [[ 0.  1.]]
Batch mean loss: 0.41394078731536865 
 Logits:
 [[ 1.22469032  1.89262307]] 
 One-hot labels:
 [[ 0.  1.]]
Batch mean loss: 0.41088080406188965 
 Logits:
 [[ 1.21220887  1.88919604]] 
 One-hot labels:
 [[ 0.  1.]]
Batch mean loss: 0.4056238830089569 
 Logits:
 [[ 1.20784688  1.90051782]] 
 One-hot labels:
 [[ 0.  1.]]
Batch mean loss: 0.39839425683021545 
 Logits:
 [[ 1.21181953  1.92633092]] 
 One-hot labels:
 [[ 0.  1.]]
Batch mean loss: 0.3895205557346344 
 Logits:
 [[ 1.22418606  1.96595037]] 
 One-hot labels:
 [[ 0.  1.]]
Batch mean loss: 0.379119873046875 
 Logits:
 [[ 1.24502742  2.01938868]] 
 One-hot labels:
 [[ 0.  1.]]
Batch mean loss: 1.1796064376831055 
 Logits:
 [[ 1.27402318  2.08632755]] 
 One-hot labels:
 [[ 1.  0.]]
Batch mean loss: 0.3626308739185333 
 Logits:
 [[ 1.27827835  2.10585952]] 
 One-hot labels:
 [[ 0.  1.]]
Batch mean loss: 0.3559122383594513 
 Logits:
 [[ 1.29273689  2.14257932]] 
 One-hot labels:
 [[ 0.  1.]]
Batch mean loss: 0.34740984439849854 
 Logits:
 [[ 1.31649852  2.19501996]] 
 One-hot labels:
 [[ 0.  1.]]
Batch mean loss: 1.2507233619689941 
 Logits:
 [[ 1.34946191  2.26289606]] 
 One-hot labels:
 [[ 1.  0.]]
Batch mean loss: 0.3346920311450958 
 Logits:
 [[ 1.35089183  2.27342725]] 
 One-hot labels:
 [[ 0.  1.]]
Batch mean loss: 0.3297838866710663 
 Logits:
 [[ 1.36386991  2.30376816]] 
 One-hot labels:
 [[ 0.  1.]]
Batch mean loss: 0.3228183388710022 
 Logits:
 [[ 1.38761675  2.35253477]] 
 One-hot labels:
 [[ 0.  1.]]
Batch mean loss: 0.3141542673110962 
 Logits:
 [[ 1.42054355  2.4172287 ]] 
 One-hot labels:
 [[ 0.  1.]]
Batch mean loss: 0.30379003286361694 
 Logits:
 [[ 1.46252906  2.49820995]] 
 One-hot labels:
 [[ 0.  1.]]
Batch mean loss: 0.2920127809047699 
 Logits:
 [[ 1.51368439  2.59508514]] 
 One-hot labels:
 [[ 0.  1.]]
Batch mean loss: 0.2790107727050781 
 Logits:
 [[ 1.57426763  2.70802569]] 
 One-hot labels:
 [[ 0.  1.]]
Batch mean loss: 0.26523688435554504 
 Logits:
 [[ 1.6440562   2.83563995]] 
 One-hot labels:
 [[ 0.  1.]]
Batch mean loss: 1.5058096647262573 
 Logits:
 [[ 1.72082567  2.9758153 ]] 
 One-hot labels:
 [[ 1.  0.]]
Batch mean loss: 0.24639317393302917 
 Logits:
 [[ 1.74822378  3.02332544]] 
 One-hot labels:
 [[ 0.  1.]]
Batch mean loss: 0.24009650945663452 
 Logits:
 [[ 1.7857126   3.08997798]] 
 One-hot labels:
 [[ 0.  1.]]
Batch mean loss: 0.23206445574760437 
 Logits:
 [[ 1.83273041  3.17519546]] 
 One-hot labels:
 [[ 0.  1.]]
Batch mean loss: 0.2224166840314865 
 Logits:
 [[ 1.8892957   3.27922964]] 
 One-hot labels:
 [[ 0.  1.]]
Batch mean loss: 0.21158765256404877 
 Logits:
 [[ 1.95515835  3.40061569]] 
 One-hot labels:
 [[ 0.  1.]]
Batch mean loss: 1.7092015743255615 
 Logits:
 [[ 2.02954364  3.53906155]] 
 One-hot labels:
 [[ 1.  0.]]
Batch mean loss: 0.19949762523174286 
 Logits:
 [[ 2.03440785  3.5449543 ]] 
 One-hot labels:
 [[ 0.  1.]]
Batch mean loss: 1.7210880517959595 
 Logits:
 [[ 2.05225348  3.57626605]] 
 One-hot labels:
 [[ 1.  0.]]
Batch mean loss: 0.2048889398574829 
 Logits:
 [[ 2.00713134  3.4882257 ]] 
 One-hot labels:
 [[ 0.  1.]]
===================== train ends ========================
===================== val starts ========================
[[ 1.97848499  3.43446279]] [[ 1.  0.]]
[[ 1.97848475  3.43446279]] [[ 0.  1.]]
[[ 1.97848487  3.43446279]] [[ 0.  1.]]
[[ 1.97848487  3.43446231]] [[ 0.  1.]]
[[ 1.97848487  3.43446255]] [[ 1.  0.]]
[[ 1.97848487  3.43446231]] [[ 1.  0.]]
[[ 1.97848487  3.43446231]] [[ 0.  1.]]
[[ 1.97848487  3.43446231]] [[ 1.  0.]]
[[ 1.97848487  3.43446279]] [[ 0.  1.]]
[[ 1.97848475  3.43446231]] [[ 0.  1.]]
[[ 1.97848463  3.43446231]] [[ 0.  1.]]
[[ 1.97848475  3.43446255]] [[ 1.  0.]]
[[ 1.97848475  3.43446255]] [[ 1.  0.]]
[[ 1.97848463  3.43446279]] [[ 0.  1.]]
[[ 1.97848487  3.43446231]] [[ 0.  1.]]
[[ 1.97848463  3.43446255]] [[ 0.  1.]]
[[ 1.97848463  3.43446231]] [[ 0.  1.]]
[[ 1.97848487  3.43446279]] [[ 1.  0.]]
[[ 1.97848475  3.43446231]] [[ 1.  0.]]
[[ 1.97848487  3.43446231]] [[ 0.  1.]]
[[ 1.97848487  3.43446231]] [[ 0.  1.]]
[[ 1.97848487  3.43446279]] [[ 0.  1.]]
[[ 1.97848463  3.43446231]] [[ 0.  1.]]
[[ 1.97848487  3.43446231]] [[ 0.  1.]]
[[ 1.97848475  3.43446302]] [[ 0.  1.]]
[[ 1.97848487  3.43446255]] [[ 0.  1.]]
[[ 1.97848487  3.43446255]] [[ 0.  1.]]
[[ 1.97848487  3.43446255]] [[ 0.  1.]]
[[ 1.97848487  3.43446255]] [[ 0.  1.]]
[[ 1.97848499  3.43446255]] [[ 0.  1.]]
[[ 1.97848463  3.43446207]] [[ 0.  1.]]
[[ 1.97848487  3.43446207]] [[ 1.  0.]]
[[ 1.97848463  3.43446231]] [[ 0.  1.]]
[[ 1.97848487  3.43446231]] [[ 1.  0.]]
[[ 1.97848487  3.43446231]] [[ 0.  1.]]
[[ 1.97848463  3.43446255]] [[ 0.  1.]]
[[ 1.97848463  3.43446183]] [[ 1.  0.]]
[[ 1.97848487  3.43446231]] [[ 0.  1.]]
[[ 1.97848463  3.43446231]] [[ 0.  1.]]
[[ 1.97848475  3.43446279]] [[ 1.  0.]]
[[ 1.97848463  3.43446231]] [[ 1.  0.]]
[[ 1.97848487  3.43446255]] [[ 1.  0.]]
[[ 1.97848487  3.43446255]] [[ 0.  1.]]
[[ 1.97848475  3.43446255]] [[ 1.  0.]]
[[ 1.97848487  3.43446231]] [[ 0.  1.]]
[[ 1.97848475  3.43446279]] [[ 0.  1.]]
[[ 1.97848463  3.43446231]] [[ 0.  1.]]
[[ 1.97848463  3.43446231]] [[ 0.  1.]]
[[ 1.97848487  3.43446231]] [[ 0.  1.]]
[[ 1.97848499  3.43446255]] [[ 0.  1.]]
[[ 1.97848487  3.43446279]] [[ 1.  0.]]
[[ 1.97848475  3.43446231]] [[ 0.  1.]]
[[ 1.97848463  3.43446231]] [[ 1.  0.]]
[[ 1.97848487  3.43446279]] [[ 0.  1.]]
[[ 1.97848463  3.43446231]] [[ 1.  0.]]
[[ 1.97848463  3.43446207]] [[ 1.  0.]]
[[ 1.97848487  3.43446255]] [[ 0.  1.]]
[[ 1.97848475  3.43446255]] [[ 0.  1.]]
[[ 1.97848463  3.43446255]] [[ 0.  1.]]
[[ 1.97848463  3.43446231]] [[ 0.  1.]]
[[ 1.97848475  3.43446231]] [[ 0.  1.]]
[[ 1.97848475  3.43446255]] [[ 0.  1.]]
[[ 1.97848463  3.43446231]] [[ 0.  1.]]
[[ 1.97848499  3.43446255]] [[ 0.  1.]]
[[ 1.97848475  3.43446255]] [[ 0.  1.]]
[[ 1.97848487  3.43446279]] [[ 0.  1.]]
[[ 1.97848463  3.43446255]] [[ 0.  1.]]
[[ 1.97848463  3.43446231]] [[ 0.  1.]]
[[ 1.97848487  3.43446255]] [[ 0.  1.]]
[[ 1.97848475  3.43446279]] [[ 1.  0.]]
[[ 1.97848463  3.43446255]] [[ 0.  1.]]
[[ 1.97848499  3.43446255]] [[ 0.  1.]]
[[ 1.97848487  3.43446255]] [[ 0.  1.]]
[[ 1.97848463  3.43446255]] [[ 0.  1.]]
[[ 1.97848487  3.43446231]] [[ 0.  1.]]
[[ 1.97848463  3.43446207]] [[ 0.  1.]]
[[ 1.97848511  3.43446279]] [[ 0.  1.]]
[[ 1.97848487  3.43446279]] [[ 0.  1.]]
[[ 1.97848487  3.43446231]] [[ 0.  1.]]
[[ 1.97848499  3.43446255]] [[ 0.  1.]]
[[ 1.97848463  3.43446207]] [[ 0.  1.]]
[[ 1.97848475  3.43446279]] [[ 0.  1.]]
[[ 1.97848499  3.43446255]] [[ 0.  1.]]
[[ 1.97848487  3.43446255]] [[ 0.  1.]]
[[ 1.97848463  3.43446183]] [[ 1.  0.]]
[[ 1.97848475  3.43446231]] [[ 0.  1.]]
[[ 1.97848487  3.43446255]] [[ 0.  1.]]
[[ 1.97848487  3.43446231]] [[ 1.  0.]]
[[ 1.97848487  3.43446183]] [[ 0.  1.]]
[[ 1.97848511  3.43446207]] [[ 1.  0.]]
[[ 1.97848511  3.43446279]] [[ 1.  0.]]
[[ 1.97848487  3.43446231]] [[ 1.  0.]]
[[ 1.97848463  3.43446255]] [[ 1.  0.]]
[[ 1.97848475  3.43446255]] [[ 0.  1.]]
[[ 1.97848487  3.43446255]] [[ 0.  1.]]
[[ 1.97848463  3.43446231]] [[ 0.  1.]]
[[ 1.97848463  3.43446255]] [[ 1.  0.]]
[[ 1.97848487  3.43446279]] [[ 0.  1.]]
[[ 1.97848463  3.43446207]] [[ 0.  1.]]
[[ 1.97848487  3.43446255]] [[ 0.  1.]]
[[ 1.97848475  3.43446231]] [[ 0.  1.]]
[[ 1.97848463  3.43446255]] [[ 0.  1.]]
[[ 1.97848463  3.43446255]] [[ 0.  1.]]
[[ 1.97848475  3.43446231]] [[ 0.  1.]]
[[ 1.97848475  3.43446255]] [[ 0.  1.]]
[[ 1.97848463  3.43446255]] [[ 0.  1.]]
[[ 1.97848487  3.43446255]] [[ 1.  0.]]
[[ 1.97848463  3.43446231]] [[ 0.  1.]]
[[ 1.97848475  3.43446231]] [[ 1.  0.]]
[[ 1.97848487  3.43446231]] [[ 0.  1.]]
[[ 1.97848475  3.43446279]] [[ 0.  1.]]
[[ 1.97848487  3.43446231]] [[ 0.  1.]]
[[ 1.97848511  3.43446231]] [[ 1.  0.]]
[[ 1.97848463  3.43446231]] [[ 1.  0.]]
[[ 1.97848463  3.43446207]] [[ 0.  1.]]
[[ 1.97848487  3.43446183]] [[ 0.  1.]]
[[ 1.97848487  3.43446279]] [[ 1.  0.]]
[[ 1.97848475  3.43446231]] [[ 1.  0.]]
[[ 1.97848475  3.43446183]] [[ 0.  1.]]
[[ 1.97848463  3.43446231]] [[ 0.  1.]]
[[ 1.97848487  3.43446231]] [[ 1.  0.]]
[[ 1.97848475  3.43446231]] [[ 1.  0.]]
[[ 1.97848487  3.43446231]] [[ 0.  1.]]
[[ 1.97848487  3.43446279]] [[ 0.  1.]]
[[ 1.97848463  3.43446231]] [[ 1.  0.]]
[[ 1.97848487  3.43446255]] [[ 1.  0.]]
[[ 1.97848487  3.43446279]] [[ 0.  1.]]
===================== val ends ========================
===================== train starts ========================
Batch mean loss: 0.20958995819091797 
 Logits:
 [[ 1.97848475  3.43446231]] 
 One-hot labels:
 [[ 0.  1.]]
Batch mean loss: 0.211626335978508 
 Logits:
 [[ 1.96389163  3.40914607]] 
 One-hot labels:
 [[ 0.  1.]]
Batch mean loss: 1.6582406759262085 
 Logits:
 [[ 1.96185601  3.40879059]] 
 One-hot labels:
 [[ 1.  0.]]
Batch mean loss: 0.2200080156326294 
 Logits:
 [[ 1.91415131  3.31622267]] 
 One-hot labels:
 [[ 0.  1.]]
Batch mean loss: 1.5996018648147583 
 Logits:
 [[ 1.88090205  3.25488615]] 
 One-hot labels:
 [[ 1.  0.]]
Batch mean loss: 0.23947080969810486 
 Logits:
 [[ 1.8164072  3.1236074]] 
 One-hot labels:
 [[ 0.  1.]]
Batch mean loss: 1.5099107027053833 
 Logits:
 [[ 1.76764262  3.02789927]] 
 One-hot labels:
 [[ 1.  0.]]
Batch mean loss: 1.4494829177856445 
 Logits:
 [[ 1.6994642   2.88147068]] 
 One-hot labels:
 [[ 1.  0.]]
Batch mean loss: 1.3716646432876587 
 Logits:
 [[ 1.61984766  2.69890571]] 
 One-hot labels:
 [[ 1.  0.]]
Batch mean loss: 1.2839159965515137 
 Logits:
 [[ 1.53715384  2.49679208]] 
 One-hot labels:
 [[ 1.  0.]]
Batch mean loss: 0.3622104823589325 
 Logits:
 [[ 1.45682752  2.2857914 ]] 
 One-hot labels:
 [[ 0.  1.]]
Batch mean loss: 0.39232227206230164 
 Logits:
 [[ 1.39272511  2.12583065]] 
 One-hot labels:
 [[ 0.  1.]]
Batch mean loss: 0.4152454435825348 
 Logits:
 [[ 1.34000754  2.00409603]] 
 One-hot labels:
 [[ 0.  1.]]
Batch mean loss: 1.0503315925598145 
 Logits:
 [[ 1.2921741   1.91199708]] 
 One-hot labels:
 [[ 1.  0.]]
Batch mean loss: 0.45322221517562866 
 Logits:
 [[ 1.26179302  1.81801057]] 
 One-hot labels:
 [[ 0.  1.]]
Batch mean loss: 0.9842197895050049 
 Logits:
 [[ 1.2302978   1.74654281]] 
 One-hot labels:
 [[ 1.  0.]]
Batch mean loss: 0.48934251070022583 
 Logits:
 [[ 1.21318519  1.67324901]] 
 One-hot labels:
 [[ 0.  1.]]
Batch mean loss: 0.5028007626533508 
 Logits:
 [[ 1.19115388  1.61680317]] 
 One-hot labels:
 [[ 0.  1.]]
Batch mean loss: 0.5089935064315796 
 Logits:
 [[ 1.16231835  1.57237017]] 
 One-hot labels:
 [[ 0.  1.]]
Batch mean loss: 0.5093385577201843 
 Logits:
 [[ 1.12850463  1.53769159]] 
 One-hot labels:
 [[ 0.  1.]]
Batch mean loss: 0.505113422870636 
 Logits:
 [[ 1.09177876  1.51158595]] 
 One-hot labels:
 [[ 0.  1.]]
Batch mean loss: 0.9369051456451416 
 Logits:
 [[ 1.05468583  1.49427593]] 
 One-hot labels:
 [[ 1.  0.]]
Batch mean loss: 0.49740493297576904 
 Logits:
 [[ 1.02681887  1.46617949]] 
 One-hot labels:
 [[ 0.  1.]]
Batch mean loss: 0.49374711513519287 
 Logits:
 [[ 1.00114262  1.44986355]] 
 One-hot labels:
 [[ 0.  1.]]
Batch mean loss: 0.4872884154319763 
 Logits:
 [[ 0.97930801  1.44468868]] 
 One-hot labels:
 [[ 0.  1.]]
Batch mean loss: 0.478839635848999 
 Logits:
 [[ 0.9631958   1.45063007]] 
 One-hot labels:
 [[ 0.  1.]]
Batch mean loss: 0.4689268171787262 
 Logits:
 [[ 0.95511168  1.46881139]] 
 One-hot labels:
 [[ 0.  1.]]
Batch mean loss: 0.4578917324542999 
 Logits:
 [[ 0.9554773   1.49893332]] 
 One-hot labels:
 [[ 0.  1.]]
Batch mean loss: 0.44589486718177795 
 Logits:
 [[ 0.96518064  1.54163456]] 
 One-hot labels:
 [[ 0.  1.]]
Batch mean loss: 0.4328743517398834 
 Logits:
 [[ 0.98423445  1.59730959]] 
 One-hot labels:
 [[ 0.  1.]]
Batch mean loss: 0.4189945161342621 
 Logits:
 [[ 1.01357079  1.66666675]] 
 One-hot labels:
 [[ 0.  1.]]
Batch mean loss: 0.4039742052555084 
 Logits:
 [[ 1.05372655  1.75135303]] 
 One-hot labels:
 [[ 0.  1.]]
